mode: set
github.com/go-chat-bot/bot/parser.go:15.64,19.38 3 1
github.com/go-chat-bot/bot/parser.go:23.2,31.21 5 1
github.com/go-chat-bot/bot/parser.go:36.2,39.21 3 1
github.com/go-chat-bot/bot/parser.go:49.2,49.15 1 1
github.com/go-chat-bot/bot/parser.go:19.38,21.3 1 1
github.com/go-chat-bot/bot/parser.go:31.21,33.3 1 1
github.com/go-chat-bot/bot/parser.go:39.21,43.17 3 1
github.com/go-chat-bot/bot/parser.go:46.3,46.22 1 1
github.com/go-chat-bot/bot/parser.go:43.17,45.4 1 1
github.com/go-chat-bot/bot/bot.go:34.28,41.2 3 1
github.com/go-chat-bot/bot/bot.go:43.39,44.42 1 1
github.com/go-chat-bot/bot/bot.go:56.2,56.32 1 1
github.com/go-chat-bot/bot/bot.go:44.42,45.42 1 1
github.com/go-chat-bot/bot/bot.go:45.42,46.44 1 1
github.com/go-chat-bot/bot/bot.go:46.44,48.19 2 1
github.com/go-chat-bot/bot/bot.go:48.19,50.6 1 0
github.com/go-chat-bot/bot/bot.go:50.6,50.29 1 1
github.com/go-chat-bot/bot/bot.go:50.29,52.6 1 1
github.com/go-chat-bot/bot/bot.go:56.32,58.3 1 1
github.com/go-chat-bot/bot/bot.go:62.74,64.16 2 1
github.com/go-chat-bot/bot/bot.go:69.2,69.20 1 1
github.com/go-chat-bot/bot/bot.go:78.2,78.25 1 1
github.com/go-chat-bot/bot/bot.go:64.16,67.3 2 1
github.com/go-chat-bot/bot/bot.go:69.20,76.3 2 1
github.com/go-chat-bot/bot/bot.go:79.2,80.18 1 1
github.com/go-chat-bot/bot/bot.go:81.2,82.23 1 1
github.com/go-chat-bot/bot/bot.go:86.13,88.2 1 1
github.com/go-chat-bot/bot/cmd.go:89.89,97.2 1 1
github.com/go-chat-bot/bot/cmd.go:101.91,109.2 1 1
github.com/go-chat-bot/bot/cmd.go:116.92,118.2 1 1
github.com/go-chat-bot/bot/cmd.go:124.69,126.2 1 1
github.com/go-chat-bot/bot/cmd.go:131.38,133.2 1 1
github.com/go-chat-bot/bot/cmd.go:135.55,139.36 3 1
github.com/go-chat-bot/bot/cmd.go:160.2,160.11 1 1
github.com/go-chat-bot/bot/cmd.go:139.36,140.22 1 1
github.com/go-chat-bot/bot/cmd.go:144.3,147.13 3 1
github.com/go-chat-bot/bot/cmd.go:140.22,141.12 1 1
github.com/go-chat-bot/bot/cmd.go:147.13,151.18 3 1
github.com/go-chat-bot/bot/cmd.go:151.18,153.5 1 1
github.com/go-chat-bot/bot/cmd.go:153.5,157.5 3 1
github.com/go-chat-bot/bot/cmd.go:163.43,164.35 1 1
github.com/go-chat-bot/bot/cmd.go:169.2,169.14 1 1
github.com/go-chat-bot/bot/cmd.go:164.35,165.15 1 1
github.com/go-chat-bot/bot/cmd.go:165.15,167.4 1 1
github.com/go-chat-bot/bot/cmd.go:172.33,175.16 2 1
github.com/go-chat-bot/bot/cmd.go:180.2,180.29 1 1
github.com/go-chat-bot/bot/cmd.go:184.2,184.21 1 1
github.com/go-chat-bot/bot/cmd.go:175.16,178.3 2 1
github.com/go-chat-bot/bot/cmd.go:180.29,182.3 1 1
github.com/go-chat-bot/bot/cmd.go:185.2,188.20 3 1
github.com/go-chat-bot/bot/cmd.go:191.2,194.27 3 1
github.com/go-chat-bot/bot/cmd.go:198.3,198.27 1 1
github.com/go-chat-bot/bot/cmd.go:188.20,190.4 1 1
github.com/go-chat-bot/bot/cmd.go:194.27,196.4 1 1
github.com/go-chat-bot/bot/cmd.go:198.27,200.4 1 1
github.com/go-chat-bot/bot/cmd.go:204.48,205.16 1 1
github.com/go-chat-bot/bot/cmd.go:205.16,209.3 3 1
github.com/go-chat-bot/bot/help.go:16.28,18.16 2 1
github.com/go-chat-bot/bot/help.go:23.2,24.20 2 1
github.com/go-chat-bot/bot/help.go:29.2,29.26 1 1
github.com/go-chat-bot/bot/help.go:18.16,21.3 2 1
github.com/go-chat-bot/bot/help.go:24.20,27.3 2 1
github.com/go-chat-bot/bot/help.go:32.53,33.28 1 1
github.com/go-chat-bot/bot/help.go:36.2,36.104 1 1
github.com/go-chat-bot/bot/help.go:33.28,35.3 1 1
github.com/go-chat-bot/bot/help.go:39.66,41.26 2 1
github.com/go-chat-bot/bot/help.go:44.2,45.96 2 1
github.com/go-chat-bot/bot/help.go:41.26,43.3 1 1
